--------------------------------------------------------------------------------
Release 14.7 Trace  (nt64)
Copyright (c) 1995-2013 Xilinx, Inc.  All rights reserved.

C:\Xilinx\14.7\ISE_DS\ISE\bin\nt64\unwrapped\trce.exe -intstyle ise -v 3 -s 3
-n 3 -fastpaths -xml top.twx top.ncd -o top.twr top.pcf -ucf top.ucf

Design file:              top.ncd
Physical constraint file: top.pcf
Device,package,speed:     xc7a100t,csg324,C,-3 (PRODUCTION 1.10 2013-10-13)
Report level:             verbose report

Environment Variable      Effect 
--------------------      ------ 
NONE                      No environment variables were set
--------------------------------------------------------------------------------

INFO:Timing:2698 - No timing constraints found, doing default enumeration.
INFO:Timing:3412 - To improve timing, see the Timing Closure User Guide (UG612).
INFO:Timing:2752 - To get complete path coverage, use the unconstrained paths 
   option. All paths that are not constrained will be reported in the 
   unconstrained paths section(s) of the report.
INFO:Timing:3339 - The clock-to-out numbers in this timing report are based on 
   a 50 Ohm transmission line loading model.  For the details of this model, 
   and for more information on accounting for different loading conditions, 
   please see the device datasheet.



Data Sheet report:
-----------------
All values displayed in nanoseconds (ns)

Clock clk to Pad
------------+-----------------+------------+-----------------+------------+------------------+--------+
            |Max (slowest) clk|  Process   |Min (fastest) clk|  Process   |                  | Clock  |
Destination |  (edge) to PAD  |   Corner   |  (edge) to PAD  |   Corner   |Internal Clock(s) | Phase  |
------------+-----------------+------------+-----------------+------------+------------------+--------+
seg_out<1>  |        12.222(R)|      SLOW  |         4.084(R)|      FAST  |clk_BUFGP         |   0.000|
seg_out<2>  |        12.399(R)|      SLOW  |         4.711(R)|      FAST  |clk_BUFGP         |   0.000|
seg_out<3>  |        11.519(R)|      SLOW  |         4.073(R)|      FAST  |clk_BUFGP         |   0.000|
seg_out<4>  |        11.456(R)|      SLOW  |         3.757(R)|      FAST  |clk_BUFGP         |   0.000|
seg_out<5>  |        11.685(R)|      SLOW  |         4.219(R)|      FAST  |clk_BUFGP         |   0.000|
seg_out<6>  |        11.816(R)|      SLOW  |         3.980(R)|      FAST  |clk_BUFGP         |   0.000|
seg_out<7>  |         9.916(R)|      SLOW  |         3.518(R)|      FAST  |clk_BUFGP         |   0.000|
seg_sel<0>  |        10.448(R)|      SLOW  |         3.737(R)|      FAST  |clk_BUFGP         |   0.000|
seg_sel<1>  |        10.325(R)|      SLOW  |         3.738(R)|      FAST  |clk_BUFGP         |   0.000|
seg_sel<2>  |        11.195(R)|      SLOW  |         4.236(R)|      FAST  |clk_BUFGP         |   0.000|
seg_sel<3>  |        10.692(R)|      SLOW  |         3.927(R)|      FAST  |clk_BUFGP         |   0.000|
seg_sel<4>  |        10.350(R)|      SLOW  |         3.737(R)|      FAST  |clk_BUFGP         |   0.000|
seg_sel<5>  |        10.533(R)|      SLOW  |         3.864(R)|      FAST  |clk_BUFGP         |   0.000|
seg_sel<6>  |        12.207(R)|      SLOW  |         4.803(R)|      FAST  |clk_BUFGP         |   0.000|
seg_sel<7>  |        11.286(R)|      SLOW  |         4.259(R)|      FAST  |clk_BUFGP         |   0.000|
------------+-----------------+------------+-----------------+------------+------------------+--------+

Clock to Setup on destination clock clk
---------------+---------+---------+---------+---------+
               | Src:Rise| Src:Fall| Src:Rise| Src:Fall|
Source Clock   |Dest:Rise|Dest:Rise|Dest:Fall|Dest:Fall|
---------------+---------+---------+---------+---------+
clk            |    3.157|         |         |         |
---------------+---------+---------+---------+---------+


Analysis completed Fri Dec 13 14:03:25 2019 
--------------------------------------------------------------------------------

Trace Settings:
-------------------------
Trace Settings 

Peak Memory Usage: 5000 MB



